[4.923s] Invoking command in '/home/ajr/ros2_ws/src/ORA_DB6_Klaszterez-s/build/klaszterezes': PYTHONPATH=/home/ajr/ros2_ws/src/ORA_DB6_Klaszterez-s/build/klaszterezes/prefix_override:/usr/lib/python3/dist-packages/colcon_core/task/python/colcon_distutils_commands:/home/ajr/ros2_ws/src/ORA_DB6_Klaszterez-s/install/klaszterezes/lib/python3.10/site-packages:${PYTHONPATH} /usr/bin/python3 -W ignore:setup.py install is deprecated setup.py develop --editable --build-directory /home/ajr/ros2_ws/src/ORA_DB6_Klaszterez-s/build/klaszterezes/build --no-deps symlink_data
[6.877s] running develop
[8.152s] running egg_info
[8.154s] creating klaszterezes.egg-info
[8.188s] writing klaszterezes.egg-info/PKG-INFO
[8.191s] writing dependency_links to klaszterezes.egg-info/dependency_links.txt
[8.191s] writing entry points to klaszterezes.egg-info/entry_points.txt
[8.191s] writing requirements to klaszterezes.egg-info/requires.txt
[8.192s] writing top-level names to klaszterezes.egg-info/top_level.txt
[8.192s] writing manifest file 'klaszterezes.egg-info/SOURCES.txt'
[8.198s] reading manifest file 'klaszterezes.egg-info/SOURCES.txt'
[8.199s] writing manifest file 'klaszterezes.egg-info/SOURCES.txt'
[8.205s] running build_ext
[8.205s] Creating /home/ajr/ros2_ws/src/ORA_DB6_Klaszterez-s/install/klaszterezes/lib/python3.10/site-packages/klaszterezes.egg-link (link to .)
[8.234s] 
[8.234s] Installed /home/ajr/ros2_ws/src/ORA_DB6_Klaszterez-s/build/klaszterezes
[8.235s] running symlink_data
[8.236s] creating /home/ajr/ros2_ws/src/ORA_DB6_Klaszterez-s/install/klaszterezes/share/ament_index
[8.238s] creating /home/ajr/ros2_ws/src/ORA_DB6_Klaszterez-s/install/klaszterezes/share/ament_index/resource_index
[8.241s] creating /home/ajr/ros2_ws/src/ORA_DB6_Klaszterez-s/install/klaszterezes/share/ament_index/resource_index/packages
[8.243s] error: can't copy '/home/ajr/ros2_ws/src/ORA_DB6_Klaszterez-s/build/klaszterezes/resource/klaszterezes': doesn't exist or not a regular file
[8.405s] Invoked command in '/home/ajr/ros2_ws/src/ORA_DB6_Klaszterez-s/build/klaszterezes' returned '1': PYTHONPATH=/home/ajr/ros2_ws/src/ORA_DB6_Klaszterez-s/build/klaszterezes/prefix_override:/usr/lib/python3/dist-packages/colcon_core/task/python/colcon_distutils_commands:/home/ajr/ros2_ws/src/ORA_DB6_Klaszterez-s/install/klaszterezes/lib/python3.10/site-packages:${PYTHONPATH} /usr/bin/python3 -W ignore:setup.py install is deprecated setup.py develop --editable --build-directory /home/ajr/ros2_ws/src/ORA_DB6_Klaszterez-s/build/klaszterezes/build --no-deps symlink_data
