[0.970s] DEBUG:colcon:Command line arguments: ['/usr/bin/colcon', 'build', '--symlink-install']
[0.971s] DEBUG:colcon:Parsed command line arguments: Namespace(log_base=None, log_level=None, verb_name='build', build_base='build', install_base='install', merge_install=False, symlink_install=True, test_result_base=None, continue_on_error=False, executor='parallel', parallel_workers=8, event_handlers=None, ignore_user_meta=False, metas=['./colcon.meta'], base_paths=['.'], packages_ignore=None, packages_ignore_regex=None, paths=None, packages_up_to=None, packages_up_to_regex=None, packages_above=None, packages_above_and_dependencies=None, packages_above_depth=None, packages_select_by_dep=None, packages_skip_by_dep=None, packages_skip_up_to=None, packages_select_build_failed=False, packages_skip_build_finished=False, packages_select_test_failures=False, packages_skip_test_passed=False, packages_select=None, packages_skip=None, packages_select_regex=None, packages_skip_regex=None, packages_start=None, packages_end=None, allow_overriding=[], cmake_args=None, cmake_target=None, cmake_target_skip_unavailable=False, cmake_clean_cache=False, cmake_clean_first=False, cmake_force_configure=False, ament_cmake_args=None, catkin_cmake_args=None, catkin_skip_building_tests=False, mixin_files=None, mixin=None, verb_parser=<colcon_mixin.mixin.mixin_argument.MixinArgumentDecorator object at 0x7fae317edde0>, verb_extension=<colcon_core.verb.build.BuildVerb object at 0x7fae317ed930>, main=<bound method BuildVerb.main of <colcon_core.verb.build.BuildVerb object at 0x7fae317ed930>>, mixin_verb=('build',))
[1.897s] Level 1:colcon.colcon_core.package_discovery:discover_packages(colcon_meta) check parameters
[1.898s] Level 1:colcon.colcon_core.package_discovery:discover_packages(recursive) check parameters
[1.898s] Level 1:colcon.colcon_core.package_discovery:discover_packages(ignore) check parameters
[1.898s] Level 1:colcon.colcon_core.package_discovery:discover_packages(path) check parameters
[1.898s] Level 1:colcon.colcon_core.package_discovery:discover_packages(colcon_meta) discover
[1.898s] Level 1:colcon.colcon_core.package_discovery:discover_packages(recursive) discover
[1.898s] INFO:colcon.colcon_core.package_discovery:Crawling recursively for packages in '/home/ajr/ros2_ws/src/ORA_DB6_Klaszterez-s'
[1.899s] Level 1:colcon.colcon_core.package_identification:_identify(.) by extensions ['ignore', 'ignore_ament_install']
[1.899s] Level 1:colcon.colcon_core.package_identification:_identify(.) by extension 'ignore'
[1.899s] Level 1:colcon.colcon_core.package_identification:_identify(.) by extension 'ignore_ament_install'
[1.900s] Level 1:colcon.colcon_core.package_identification:_identify(.) by extensions ['colcon_pkg']
[1.900s] Level 1:colcon.colcon_core.package_identification:_identify(.) by extension 'colcon_pkg'
[1.900s] Level 1:colcon.colcon_core.package_identification:_identify(.) by extensions ['colcon_meta']
[1.900s] Level 1:colcon.colcon_core.package_identification:_identify(.) by extension 'colcon_meta'
[1.900s] Level 1:colcon.colcon_core.package_identification:_identify(.) by extensions ['ros']
[1.900s] Level 1:colcon.colcon_core.package_identification:_identify(.) by extension 'ros'
[1.975s] DEBUG:colcon.colcon_core.package_identification:Package '.' with type 'ros.ament_python' and name 'klaszterezes'
[1.976s] Level 1:colcon.colcon_core.package_discovery:discover_packages(recursive) using defaults
[1.976s] Level 1:colcon.colcon_core.package_discovery:discover_packages(ignore) discover
[1.977s] Level 1:colcon.colcon_core.package_discovery:discover_packages(ignore) using defaults
[1.977s] Level 1:colcon.colcon_core.package_discovery:discover_packages(path) discover
[1.979s] Level 1:colcon.colcon_core.package_discovery:discover_packages(path) using defaults
[2.089s] Level 1:colcon.colcon_core.package_discovery:discover_packages(prefix_path) check parameters
[2.089s] Level 1:colcon.colcon_core.package_discovery:discover_packages(prefix_path) discover
[2.098s] DEBUG:colcon.colcon_installed_package_information.package_discovery:Found 1 installed packages in /home/ajr/ros2_ws/src/ORA_DB6_Klaszterez-s/install
[2.104s] DEBUG:colcon.colcon_installed_package_information.package_discovery:Found 353 installed packages in /opt/ros/humble
[2.118s] Level 1:colcon.colcon_core.package_discovery:discover_packages(prefix_path) using defaults
[2.382s] Level 5:colcon.colcon_core.verb:set package 'klaszterezes' build argument 'cmake_args' from command line to 'None'
[2.382s] Level 5:colcon.colcon_core.verb:set package 'klaszterezes' build argument 'cmake_target' from command line to 'None'
[2.383s] Level 5:colcon.colcon_core.verb:set package 'klaszterezes' build argument 'cmake_target_skip_unavailable' from command line to 'False'
[2.383s] Level 5:colcon.colcon_core.verb:set package 'klaszterezes' build argument 'cmake_clean_cache' from command line to 'False'
[2.383s] Level 5:colcon.colcon_core.verb:set package 'klaszterezes' build argument 'cmake_clean_first' from command line to 'False'
[2.384s] Level 5:colcon.colcon_core.verb:set package 'klaszterezes' build argument 'cmake_force_configure' from command line to 'False'
[2.384s] Level 5:colcon.colcon_core.verb:set package 'klaszterezes' build argument 'ament_cmake_args' from command line to 'None'
[2.384s] Level 5:colcon.colcon_core.verb:set package 'klaszterezes' build argument 'catkin_cmake_args' from command line to 'None'
[2.384s] Level 5:colcon.colcon_core.verb:set package 'klaszterezes' build argument 'catkin_skip_building_tests' from command line to 'False'
[2.385s] DEBUG:colcon.colcon_core.verb:Building package 'klaszterezes' with the following arguments: {'ament_cmake_args': None, 'build_base': '/home/ajr/ros2_ws/src/ORA_DB6_Klaszterez-s/build/klaszterezes', 'catkin_cmake_args': None, 'catkin_skip_building_tests': False, 'cmake_args': None, 'cmake_clean_cache': False, 'cmake_clean_first': False, 'cmake_force_configure': False, 'cmake_target': None, 'cmake_target_skip_unavailable': False, 'install_base': '/home/ajr/ros2_ws/src/ORA_DB6_Klaszterez-s/install/klaszterezes', 'merge_install': False, 'path': '/home/ajr/ros2_ws/src/ORA_DB6_Klaszterez-s', 'symlink_install': True, 'test_result_base': None}
[2.386s] INFO:colcon.colcon_core.executor:Executing jobs using 'parallel' executor
[2.399s] DEBUG:colcon.colcon_parallel_executor.executor.parallel:run_until_complete
[2.400s] INFO:colcon.colcon_ros.task.ament_python.build:Building ROS package in '/home/ajr/ros2_ws/src/ORA_DB6_Klaszterez-s' with build type 'ament_python'
[2.400s] Level 1:colcon.colcon_core.shell:create_environment_hook('klaszterezes', 'ament_prefix_path')
[2.412s] INFO:colcon.colcon_core.plugin_system:Skipping extension 'colcon_core.shell.bat': Not used on non-Windows systems
[2.412s] INFO:colcon.colcon_core.shell:Creating environment hook '/home/ajr/ros2_ws/src/ORA_DB6_Klaszterez-s/install/klaszterezes/share/klaszterezes/hook/ament_prefix_path.ps1'
[2.415s] INFO:colcon.colcon_core.shell:Creating environment descriptor '/home/ajr/ros2_ws/src/ORA_DB6_Klaszterez-s/install/klaszterezes/share/klaszterezes/hook/ament_prefix_path.dsv'
[2.423s] INFO:colcon.colcon_core.shell:Creating environment hook '/home/ajr/ros2_ws/src/ORA_DB6_Klaszterez-s/install/klaszterezes/share/klaszterezes/hook/ament_prefix_path.sh'
[2.427s] INFO:colcon.colcon_core.shell:Skip shell extension 'powershell' for command environment: Not usable outside of PowerShell
[2.428s] DEBUG:colcon.colcon_core.shell:Skip shell extension 'dsv' for command environment
[3.973s] INFO:colcon.colcon_core.task.python.build:Building Python package in '/home/ajr/ros2_ws/src/ORA_DB6_Klaszterez-s'
[3.975s] INFO:colcon.colcon_core.shell:Skip shell extension 'powershell' for command environment: Not usable outside of PowerShell
[3.975s] DEBUG:colcon.colcon_core.shell:Skip shell extension 'dsv' for command environment
[5.406s] DEBUG:colcon.colcon_core.event_handler.log_command:Invoking command in '/home/ajr/ros2_ws/src/ORA_DB6_Klaszterez-s/build/klaszterezes': PYTHONPATH=/home/ajr/ros2_ws/src/ORA_DB6_Klaszterez-s/build/klaszterezes/prefix_override:/usr/lib/python3/dist-packages/colcon_core/task/python/colcon_distutils_commands:/home/ajr/ros2_ws/src/ORA_DB6_Klaszterez-s/install/klaszterezes/lib/python3.10/site-packages:${PYTHONPATH} /usr/bin/python3 -W ignore:setup.py install is deprecated setup.py develop --editable --build-directory /home/ajr/ros2_ws/src/ORA_DB6_Klaszterez-s/build/klaszterezes/build --no-deps symlink_data
[7.960s] Level 1:colcon.colcon_core.shell:create_environment_hook('klaszterezes', 'pythonpath_develop')
[7.962s] INFO:colcon.colcon_core.shell:Creating environment hook '/home/ajr/ros2_ws/src/ORA_DB6_Klaszterez-s/build/klaszterezes/share/klaszterezes/hook/pythonpath_develop.ps1'
[7.966s] DEBUG:colcon.colcon_core.event_handler.log_command:Invoked command in '/home/ajr/ros2_ws/src/ORA_DB6_Klaszterez-s/build/klaszterezes' returned '0': PYTHONPATH=/home/ajr/ros2_ws/src/ORA_DB6_Klaszterez-s/build/klaszterezes/prefix_override:/usr/lib/python3/dist-packages/colcon_core/task/python/colcon_distutils_commands:/home/ajr/ros2_ws/src/ORA_DB6_Klaszterez-s/install/klaszterezes/lib/python3.10/site-packages:${PYTHONPATH} /usr/bin/python3 -W ignore:setup.py install is deprecated setup.py develop --editable --build-directory /home/ajr/ros2_ws/src/ORA_DB6_Klaszterez-s/build/klaszterezes/build --no-deps symlink_data
[7.967s] INFO:colcon.colcon_core.shell:Creating environment descriptor '/home/ajr/ros2_ws/src/ORA_DB6_Klaszterez-s/build/klaszterezes/share/klaszterezes/hook/pythonpath_develop.dsv'
[7.970s] INFO:colcon.colcon_core.shell:Creating environment hook '/home/ajr/ros2_ws/src/ORA_DB6_Klaszterez-s/build/klaszterezes/share/klaszterezes/hook/pythonpath_develop.sh'
[7.987s] Level 1:colcon.colcon_core.environment:checking '/home/ajr/ros2_ws/src/ORA_DB6_Klaszterez-s/install/klaszterezes' for CMake module files
[7.990s] Level 1:colcon.colcon_core.environment:checking '/home/ajr/ros2_ws/src/ORA_DB6_Klaszterez-s/install/klaszterezes' for CMake config files
[7.993s] Level 1:colcon.colcon_core.environment:checking '/home/ajr/ros2_ws/src/ORA_DB6_Klaszterez-s/install/klaszterezes/lib'
[7.994s] Level 1:colcon.colcon_core.environment:checking '/home/ajr/ros2_ws/src/ORA_DB6_Klaszterez-s/install/klaszterezes/bin'
[7.994s] Level 1:colcon.colcon_core.environment:checking '/home/ajr/ros2_ws/src/ORA_DB6_Klaszterez-s/install/klaszterezes/lib/pkgconfig/klaszterezes.pc'
[7.995s] Level 1:colcon.colcon_core.environment:checking '/home/ajr/ros2_ws/src/ORA_DB6_Klaszterez-s/install/klaszterezes/lib/python3.10/site-packages'
[7.996s] Level 1:colcon.colcon_core.shell:create_environment_hook('klaszterezes', 'pythonpath')
[7.996s] INFO:colcon.colcon_core.shell:Creating environment hook '/home/ajr/ros2_ws/src/ORA_DB6_Klaszterez-s/install/klaszterezes/share/klaszterezes/hook/pythonpath.ps1'
[7.999s] INFO:colcon.colcon_core.shell:Creating environment descriptor '/home/ajr/ros2_ws/src/ORA_DB6_Klaszterez-s/install/klaszterezes/share/klaszterezes/hook/pythonpath.dsv'
[7.999s] INFO:colcon.colcon_core.shell:Creating environment hook '/home/ajr/ros2_ws/src/ORA_DB6_Klaszterez-s/install/klaszterezes/share/klaszterezes/hook/pythonpath.sh'
[8.001s] Level 1:colcon.colcon_core.environment:checking '/home/ajr/ros2_ws/src/ORA_DB6_Klaszterez-s/install/klaszterezes/bin'
[8.001s] Level 1:colcon.colcon_core.environment:create_environment_scripts_only(klaszterezes)
[8.022s] INFO:colcon.colcon_core.shell:Creating package script '/home/ajr/ros2_ws/src/ORA_DB6_Klaszterez-s/install/klaszterezes/share/klaszterezes/package.ps1'
[8.026s] INFO:colcon.colcon_core.shell:Creating package descriptor '/home/ajr/ros2_ws/src/ORA_DB6_Klaszterez-s/install/klaszterezes/share/klaszterezes/package.dsv'
[8.029s] INFO:colcon.colcon_core.shell:Creating package script '/home/ajr/ros2_ws/src/ORA_DB6_Klaszterez-s/install/klaszterezes/share/klaszterezes/package.sh'
[8.033s] INFO:colcon.colcon_core.shell:Creating package script '/home/ajr/ros2_ws/src/ORA_DB6_Klaszterez-s/install/klaszterezes/share/klaszterezes/package.bash'
[8.038s] INFO:colcon.colcon_core.shell:Creating package script '/home/ajr/ros2_ws/src/ORA_DB6_Klaszterez-s/install/klaszterezes/share/klaszterezes/package.zsh'
[8.041s] Level 1:colcon.colcon_core.environment:create_file_with_runtime_dependencies(/home/ajr/ros2_ws/src/ORA_DB6_Klaszterez-s/install/klaszterezes/share/colcon-core/packages/klaszterezes)
[8.043s] DEBUG:colcon.colcon_parallel_executor.executor.parallel:closing loop
[8.043s] DEBUG:colcon.colcon_parallel_executor.executor.parallel:loop closed
[8.044s] DEBUG:colcon.colcon_parallel_executor.executor.parallel:run_until_complete finished with '0'
[8.045s] DEBUG:colcon.colcon_core.event_reactor:joining thread
[8.273s] INFO:colcon.colcon_core.plugin_system:Skipping extension 'colcon_notification.desktop_notification.notify_send': Could not find 'notify-send'
[8.274s] INFO:colcon.colcon_core.plugin_system:Skipping extension 'colcon_notification.desktop_notification.terminal_notifier': Not used on non-Darwin systems
[8.274s] INFO:colcon.colcon_core.plugin_system:Skipping extension 'colcon_notification.desktop_notification.win32': Not used on non-Windows systems
[8.274s] INFO:colcon.colcon_notification.desktop_notification:Sending desktop notification using 'notify2'
[8.276s] DEBUG:colcon.colcon_notification.desktop_notification.notify2:Failed to initialize notify2: org.freedesktop.DBus.Error.FileNotFound: Failed to connect to socket /run/user/1000/bus: No such file or directory
[8.277s] DEBUG:colcon.colcon_core.event_reactor:joined thread
[8.279s] INFO:colcon.colcon_core.shell:Creating prefix script '/home/ajr/ros2_ws/src/ORA_DB6_Klaszterez-s/install/local_setup.ps1'
[8.282s] INFO:colcon.colcon_core.shell:Creating prefix util module '/home/ajr/ros2_ws/src/ORA_DB6_Klaszterez-s/install/_local_setup_util_ps1.py'
[8.287s] INFO:colcon.colcon_core.shell:Creating prefix chain script '/home/ajr/ros2_ws/src/ORA_DB6_Klaszterez-s/install/setup.ps1'
[8.292s] INFO:colcon.colcon_core.shell:Creating prefix script '/home/ajr/ros2_ws/src/ORA_DB6_Klaszterez-s/install/local_setup.sh'
[8.294s] INFO:colcon.colcon_core.shell:Creating prefix util module '/home/ajr/ros2_ws/src/ORA_DB6_Klaszterez-s/install/_local_setup_util_sh.py'
[8.296s] INFO:colcon.colcon_core.shell:Creating prefix chain script '/home/ajr/ros2_ws/src/ORA_DB6_Klaszterez-s/install/setup.sh'
[8.306s] INFO:colcon.colcon_core.shell:Creating prefix script '/home/ajr/ros2_ws/src/ORA_DB6_Klaszterez-s/install/local_setup.bash'
[8.310s] INFO:colcon.colcon_core.shell:Creating prefix chain script '/home/ajr/ros2_ws/src/ORA_DB6_Klaszterez-s/install/setup.bash'
[8.315s] INFO:colcon.colcon_core.shell:Creating prefix script '/home/ajr/ros2_ws/src/ORA_DB6_Klaszterez-s/install/local_setup.zsh'
[8.319s] INFO:colcon.colcon_core.shell:Creating prefix chain script '/home/ajr/ros2_ws/src/ORA_DB6_Klaszterez-s/install/setup.zsh'
