[0.919s] DEBUG:colcon:Command line arguments: ['/usr/bin/colcon', 'build', '--symlink-install']
[0.920s] DEBUG:colcon:Parsed command line arguments: Namespace(log_base=None, log_level=None, verb_name='build', build_base='build', install_base='install', merge_install=False, symlink_install=True, test_result_base=None, continue_on_error=False, executor='parallel', parallel_workers=8, event_handlers=None, ignore_user_meta=False, metas=['./colcon.meta'], base_paths=['.'], packages_ignore=None, packages_ignore_regex=None, paths=None, packages_up_to=None, packages_up_to_regex=None, packages_above=None, packages_above_and_dependencies=None, packages_above_depth=None, packages_select_by_dep=None, packages_skip_by_dep=None, packages_skip_up_to=None, packages_select_build_failed=False, packages_skip_build_finished=False, packages_select_test_failures=False, packages_skip_test_passed=False, packages_select=None, packages_skip=None, packages_select_regex=None, packages_skip_regex=None, packages_start=None, packages_end=None, allow_overriding=[], cmake_args=None, cmake_target=None, cmake_target_skip_unavailable=False, cmake_clean_cache=False, cmake_clean_first=False, cmake_force_configure=False, ament_cmake_args=None, catkin_cmake_args=None, catkin_skip_building_tests=False, mixin_files=None, mixin=None, verb_parser=<colcon_mixin.mixin.mixin_argument.MixinArgumentDecorator object at 0x7fa696355e10>, verb_extension=<colcon_core.verb.build.BuildVerb object at 0x7fa696355960>, main=<bound method BuildVerb.main of <colcon_core.verb.build.BuildVerb object at 0x7fa696355960>>, mixin_verb=('build',))
[1.693s] Level 1:colcon.colcon_core.package_discovery:discover_packages(colcon_meta) check parameters
[1.694s] Level 1:colcon.colcon_core.package_discovery:discover_packages(recursive) check parameters
[1.694s] Level 1:colcon.colcon_core.package_discovery:discover_packages(ignore) check parameters
[1.694s] Level 1:colcon.colcon_core.package_discovery:discover_packages(path) check parameters
[1.695s] Level 1:colcon.colcon_core.package_discovery:discover_packages(colcon_meta) discover
[1.695s] Level 1:colcon.colcon_core.package_discovery:discover_packages(recursive) discover
[1.695s] INFO:colcon.colcon_core.package_discovery:Crawling recursively for packages in '/home/ajr/ros2_ws/src/ORA_DB6_Klaszterez-s'
[1.696s] Level 1:colcon.colcon_core.package_identification:_identify(.) by extensions ['ignore', 'ignore_ament_install']
[1.697s] Level 1:colcon.colcon_core.package_identification:_identify(.) by extension 'ignore'
[1.697s] Level 1:colcon.colcon_core.package_identification:_identify(.) by extension 'ignore_ament_install'
[1.698s] Level 1:colcon.colcon_core.package_identification:_identify(.) by extensions ['colcon_pkg']
[1.698s] Level 1:colcon.colcon_core.package_identification:_identify(.) by extension 'colcon_pkg'
[1.698s] Level 1:colcon.colcon_core.package_identification:_identify(.) by extensions ['colcon_meta']
[1.699s] Level 1:colcon.colcon_core.package_identification:_identify(.) by extension 'colcon_meta'
[1.699s] Level 1:colcon.colcon_core.package_identification:_identify(.) by extensions ['ros']
[1.699s] Level 1:colcon.colcon_core.package_identification:_identify(.) by extension 'ros'
[1.766s] DEBUG:colcon.colcon_core.package_identification:Package '.' with type 'ros.ament_python' and name 'klaszterezes'
[1.767s] Level 1:colcon.colcon_core.package_discovery:discover_packages(recursive) using defaults
[1.768s] Level 1:colcon.colcon_core.package_discovery:discover_packages(ignore) discover
[1.768s] Level 1:colcon.colcon_core.package_discovery:discover_packages(ignore) using defaults
[1.768s] Level 1:colcon.colcon_core.package_discovery:discover_packages(path) discover
[1.770s] Level 1:colcon.colcon_core.package_discovery:discover_packages(path) using defaults
[1.864s] Level 1:colcon.colcon_core.package_discovery:discover_packages(prefix_path) check parameters
[1.864s] Level 1:colcon.colcon_core.package_discovery:discover_packages(prefix_path) discover
[1.880s] DEBUG:colcon.colcon_installed_package_information.package_discovery:Found 1 installed packages in /home/ajr/ros2_ws/src/ORA_DB6_Klaszterez-s/install
[1.889s] DEBUG:colcon.colcon_installed_package_information.package_discovery:Found 353 installed packages in /opt/ros/humble
[1.898s] Level 1:colcon.colcon_core.package_discovery:discover_packages(prefix_path) using defaults
[2.148s] Level 5:colcon.colcon_core.verb:set package 'klaszterezes' build argument 'cmake_args' from command line to 'None'
[2.149s] Level 5:colcon.colcon_core.verb:set package 'klaszterezes' build argument 'cmake_target' from command line to 'None'
[2.149s] Level 5:colcon.colcon_core.verb:set package 'klaszterezes' build argument 'cmake_target_skip_unavailable' from command line to 'False'
[2.150s] Level 5:colcon.colcon_core.verb:set package 'klaszterezes' build argument 'cmake_clean_cache' from command line to 'False'
[2.150s] Level 5:colcon.colcon_core.verb:set package 'klaszterezes' build argument 'cmake_clean_first' from command line to 'False'
[2.150s] Level 5:colcon.colcon_core.verb:set package 'klaszterezes' build argument 'cmake_force_configure' from command line to 'False'
[2.150s] Level 5:colcon.colcon_core.verb:set package 'klaszterezes' build argument 'ament_cmake_args' from command line to 'None'
[2.151s] Level 5:colcon.colcon_core.verb:set package 'klaszterezes' build argument 'catkin_cmake_args' from command line to 'None'
[2.151s] Level 5:colcon.colcon_core.verb:set package 'klaszterezes' build argument 'catkin_skip_building_tests' from command line to 'False'
[2.151s] DEBUG:colcon.colcon_core.verb:Building package 'klaszterezes' with the following arguments: {'ament_cmake_args': None, 'build_base': '/home/ajr/ros2_ws/src/ORA_DB6_Klaszterez-s/build/klaszterezes', 'catkin_cmake_args': None, 'catkin_skip_building_tests': False, 'cmake_args': None, 'cmake_clean_cache': False, 'cmake_clean_first': False, 'cmake_force_configure': False, 'cmake_target': None, 'cmake_target_skip_unavailable': False, 'install_base': '/home/ajr/ros2_ws/src/ORA_DB6_Klaszterez-s/install/klaszterezes', 'merge_install': False, 'path': '/home/ajr/ros2_ws/src/ORA_DB6_Klaszterez-s', 'symlink_install': True, 'test_result_base': None}
[2.152s] INFO:colcon.colcon_core.executor:Executing jobs using 'parallel' executor
[2.170s] DEBUG:colcon.colcon_parallel_executor.executor.parallel:run_until_complete
[2.171s] INFO:colcon.colcon_ros.task.ament_python.build:Building ROS package in '/home/ajr/ros2_ws/src/ORA_DB6_Klaszterez-s' with build type 'ament_python'
[2.171s] Level 1:colcon.colcon_core.shell:create_environment_hook('klaszterezes', 'ament_prefix_path')
[2.181s] INFO:colcon.colcon_core.plugin_system:Skipping extension 'colcon_core.shell.bat': Not used on non-Windows systems
[2.183s] INFO:colcon.colcon_core.shell:Creating environment hook '/home/ajr/ros2_ws/src/ORA_DB6_Klaszterez-s/install/klaszterezes/share/klaszterezes/hook/ament_prefix_path.ps1'
[2.191s] INFO:colcon.colcon_core.shell:Creating environment descriptor '/home/ajr/ros2_ws/src/ORA_DB6_Klaszterez-s/install/klaszterezes/share/klaszterezes/hook/ament_prefix_path.dsv'
[2.193s] INFO:colcon.colcon_core.shell:Creating environment hook '/home/ajr/ros2_ws/src/ORA_DB6_Klaszterez-s/install/klaszterezes/share/klaszterezes/hook/ament_prefix_path.sh'
[2.196s] INFO:colcon.colcon_core.shell:Skip shell extension 'powershell' for command environment: Not usable outside of PowerShell
[2.196s] DEBUG:colcon.colcon_core.shell:Skip shell extension 'dsv' for command environment
[3.291s] INFO:colcon.colcon_core.task.python.build:Building Python package in '/home/ajr/ros2_ws/src/ORA_DB6_Klaszterez-s'
[3.292s] INFO:colcon.colcon_core.shell:Skip shell extension 'powershell' for command environment: Not usable outside of PowerShell
[3.292s] DEBUG:colcon.colcon_core.shell:Skip shell extension 'dsv' for command environment
[4.698s] DEBUG:colcon.colcon_core.event_handler.log_command:Invoking command in '/home/ajr/ros2_ws/src/ORA_DB6_Klaszterez-s/build/klaszterezes': PYTHONPATH=/home/ajr/ros2_ws/src/ORA_DB6_Klaszterez-s/build/klaszterezes/prefix_override:/usr/lib/python3/dist-packages/colcon_core/task/python/colcon_distutils_commands:/home/ajr/ros2_ws/src/ORA_DB6_Klaszterez-s/install/klaszterezes/lib/python3.10/site-packages:${PYTHONPATH} /usr/bin/python3 -W ignore:setup.py install is deprecated setup.py develop --editable --build-directory /home/ajr/ros2_ws/src/ORA_DB6_Klaszterez-s/build/klaszterezes/build --no-deps symlink_data
[6.770s] Level 1:colcon.colcon_core.shell:create_environment_hook('klaszterezes', 'pythonpath_develop')
[6.771s] INFO:colcon.colcon_core.shell:Creating environment hook '/home/ajr/ros2_ws/src/ORA_DB6_Klaszterez-s/build/klaszterezes/share/klaszterezes/hook/pythonpath_develop.ps1'
[6.773s] INFO:colcon.colcon_core.shell:Creating environment descriptor '/home/ajr/ros2_ws/src/ORA_DB6_Klaszterez-s/build/klaszterezes/share/klaszterezes/hook/pythonpath_develop.dsv'
[6.775s] INFO:colcon.colcon_core.shell:Creating environment hook '/home/ajr/ros2_ws/src/ORA_DB6_Klaszterez-s/build/klaszterezes/share/klaszterezes/hook/pythonpath_develop.sh'
[6.779s] DEBUG:colcon.colcon_core.event_handler.log_command:Invoked command in '/home/ajr/ros2_ws/src/ORA_DB6_Klaszterez-s/build/klaszterezes' returned '0': PYTHONPATH=/home/ajr/ros2_ws/src/ORA_DB6_Klaszterez-s/build/klaszterezes/prefix_override:/usr/lib/python3/dist-packages/colcon_core/task/python/colcon_distutils_commands:/home/ajr/ros2_ws/src/ORA_DB6_Klaszterez-s/install/klaszterezes/lib/python3.10/site-packages:${PYTHONPATH} /usr/bin/python3 -W ignore:setup.py install is deprecated setup.py develop --editable --build-directory /home/ajr/ros2_ws/src/ORA_DB6_Klaszterez-s/build/klaszterezes/build --no-deps symlink_data
[6.790s] Level 1:colcon.colcon_core.environment:checking '/home/ajr/ros2_ws/src/ORA_DB6_Klaszterez-s/install/klaszterezes' for CMake module files
[6.792s] Level 1:colcon.colcon_core.environment:checking '/home/ajr/ros2_ws/src/ORA_DB6_Klaszterez-s/install/klaszterezes' for CMake config files
[6.795s] Level 1:colcon.colcon_core.environment:checking '/home/ajr/ros2_ws/src/ORA_DB6_Klaszterez-s/install/klaszterezes/lib'
[6.796s] Level 1:colcon.colcon_core.environment:checking '/home/ajr/ros2_ws/src/ORA_DB6_Klaszterez-s/install/klaszterezes/bin'
[6.796s] Level 1:colcon.colcon_core.environment:checking '/home/ajr/ros2_ws/src/ORA_DB6_Klaszterez-s/install/klaszterezes/lib/pkgconfig/klaszterezes.pc'
[6.797s] Level 1:colcon.colcon_core.environment:checking '/home/ajr/ros2_ws/src/ORA_DB6_Klaszterez-s/install/klaszterezes/lib/python3.10/site-packages'
[6.800s] Level 1:colcon.colcon_core.shell:create_environment_hook('klaszterezes', 'pythonpath')
[6.801s] INFO:colcon.colcon_core.shell:Creating environment hook '/home/ajr/ros2_ws/src/ORA_DB6_Klaszterez-s/install/klaszterezes/share/klaszterezes/hook/pythonpath.ps1'
[6.803s] INFO:colcon.colcon_core.shell:Creating environment descriptor '/home/ajr/ros2_ws/src/ORA_DB6_Klaszterez-s/install/klaszterezes/share/klaszterezes/hook/pythonpath.dsv'
[6.805s] INFO:colcon.colcon_core.shell:Creating environment hook '/home/ajr/ros2_ws/src/ORA_DB6_Klaszterez-s/install/klaszterezes/share/klaszterezes/hook/pythonpath.sh'
[6.808s] Level 1:colcon.colcon_core.environment:checking '/home/ajr/ros2_ws/src/ORA_DB6_Klaszterez-s/install/klaszterezes/bin'
[6.809s] Level 1:colcon.colcon_core.environment:create_environment_scripts_only(klaszterezes)
[6.814s] INFO:colcon.colcon_core.shell:Creating package script '/home/ajr/ros2_ws/src/ORA_DB6_Klaszterez-s/install/klaszterezes/share/klaszterezes/package.ps1'
[6.824s] INFO:colcon.colcon_core.shell:Creating package descriptor '/home/ajr/ros2_ws/src/ORA_DB6_Klaszterez-s/install/klaszterezes/share/klaszterezes/package.dsv'
[6.830s] INFO:colcon.colcon_core.shell:Creating package script '/home/ajr/ros2_ws/src/ORA_DB6_Klaszterez-s/install/klaszterezes/share/klaszterezes/package.sh'
[6.838s] INFO:colcon.colcon_core.shell:Creating package script '/home/ajr/ros2_ws/src/ORA_DB6_Klaszterez-s/install/klaszterezes/share/klaszterezes/package.bash'
[6.844s] INFO:colcon.colcon_core.shell:Creating package script '/home/ajr/ros2_ws/src/ORA_DB6_Klaszterez-s/install/klaszterezes/share/klaszterezes/package.zsh'
[6.859s] Level 1:colcon.colcon_core.environment:create_file_with_runtime_dependencies(/home/ajr/ros2_ws/src/ORA_DB6_Klaszterez-s/install/klaszterezes/share/colcon-core/packages/klaszterezes)
[6.861s] DEBUG:colcon.colcon_parallel_executor.executor.parallel:closing loop
[6.863s] DEBUG:colcon.colcon_parallel_executor.executor.parallel:loop closed
[6.864s] DEBUG:colcon.colcon_parallel_executor.executor.parallel:run_until_complete finished with '0'
[6.865s] DEBUG:colcon.colcon_core.event_reactor:joining thread
[7.117s] INFO:colcon.colcon_core.plugin_system:Skipping extension 'colcon_notification.desktop_notification.notify_send': Could not find 'notify-send'
[7.117s] INFO:colcon.colcon_core.plugin_system:Skipping extension 'colcon_notification.desktop_notification.terminal_notifier': Not used on non-Darwin systems
[7.118s] INFO:colcon.colcon_core.plugin_system:Skipping extension 'colcon_notification.desktop_notification.win32': Not used on non-Windows systems
[7.118s] INFO:colcon.colcon_notification.desktop_notification:Sending desktop notification using 'notify2'
[7.119s] DEBUG:colcon.colcon_notification.desktop_notification.notify2:Failed to initialize notify2: org.freedesktop.DBus.Error.FileNotFound: Failed to connect to socket /run/user/1000/bus: No such file or directory
[7.120s] DEBUG:colcon.colcon_core.event_reactor:joined thread
[7.120s] INFO:colcon.colcon_core.shell:Creating prefix script '/home/ajr/ros2_ws/src/ORA_DB6_Klaszterez-s/install/local_setup.ps1'
[7.123s] INFO:colcon.colcon_core.shell:Creating prefix util module '/home/ajr/ros2_ws/src/ORA_DB6_Klaszterez-s/install/_local_setup_util_ps1.py'
[7.133s] INFO:colcon.colcon_core.shell:Creating prefix chain script '/home/ajr/ros2_ws/src/ORA_DB6_Klaszterez-s/install/setup.ps1'
[7.148s] INFO:colcon.colcon_core.shell:Creating prefix script '/home/ajr/ros2_ws/src/ORA_DB6_Klaszterez-s/install/local_setup.sh'
[7.153s] INFO:colcon.colcon_core.shell:Creating prefix util module '/home/ajr/ros2_ws/src/ORA_DB6_Klaszterez-s/install/_local_setup_util_sh.py'
[7.156s] INFO:colcon.colcon_core.shell:Creating prefix chain script '/home/ajr/ros2_ws/src/ORA_DB6_Klaszterez-s/install/setup.sh'
[7.159s] INFO:colcon.colcon_core.shell:Creating prefix script '/home/ajr/ros2_ws/src/ORA_DB6_Klaszterez-s/install/local_setup.bash'
[7.160s] INFO:colcon.colcon_core.shell:Creating prefix chain script '/home/ajr/ros2_ws/src/ORA_DB6_Klaszterez-s/install/setup.bash'
[7.163s] INFO:colcon.colcon_core.shell:Creating prefix script '/home/ajr/ros2_ws/src/ORA_DB6_Klaszterez-s/install/local_setup.zsh'
[7.166s] INFO:colcon.colcon_core.shell:Creating prefix chain script '/home/ajr/ros2_ws/src/ORA_DB6_Klaszterez-s/install/setup.zsh'
